<?xml version="1.0" encoding="UTF-8" ?>
<testsuite 
errors="0" failures="0" hostname="localhost" name="org.apache.spark.metrics.LocalMetricsSystemsSuite" tests="8" time="0.268" timestamp="2021-06-02T10:11:29">
  <properties>
    <property name="java.runtime.name" value="OpenJDK Runtime Environment"/>
    <property 
    name="sun.boot.library.path" value="/usr/local/openjdk-8/jre/lib/amd64">
</property>
    <property name="java.vm.version" value="25.282-b08"/>
    <property name="java.vm.vendor" value="Oracle Corporation"/>
    <property 
    name="maven.multiModuleProjectDirectory" value="/spark-monitoring/src">
</property>
    <property name="java.vendor.url" value="http://java.oracle.com/"/>
    <property name="path.separator" value=":"/>
    <property name="guice.disable.misplaced.annotation.check" value="true"/>
    <property name="java.vm.name" value="OpenJDK 64-Bit Server VM"/>
    <property name="file.encoding.pkg" value="sun.io"/>
    <property name="sun.java.launcher" value="SUN_STANDARD"/>
    <property name="sun.os.patch.level" value="unknown"/>
    <property 
    name="java.vm.specification.name" value="Java Virtual Machine Specification">
</property>
    <property name="user.dir" value="/"/>
    <property name="java.runtime.version" value="1.8.0_282-b08"/>
    <property 
    name="java.awt.graphicsenv" value="sun.awt.X11GraphicsEnvironment">
</property>
    <property 
    name="java.endorsed.dirs" value="/usr/local/openjdk-8/jre/lib/endorsed">
</property>
    <property name="os.arch" value="amd64"/>
    <property name="java.io.tmpdir" value="/tmp"/>
    <property name="line.separator" value=" "/>
    <property name="java.vm.specification.vendor" value="Oracle Corporation"/>
    <property name="os.name" value="Linux"/>
    <property name="classworlds.conf" value="/usr/share/maven/bin/m2.conf"/>
    <property name="sun.jnu.encoding" value="UTF-8"/>
    <property 
    name="java.library.path" value="/usr/java/packages/lib/amd64:/usr/lib64:/lib64:/lib:/usr/lib">
</property>
    <property name="maven.conf" value="/usr/share/maven/conf"/>
    <property 
    name="java.specification.name" value="Java Platform API Specification">
</property>
    <property name="java.class.version" value="52.0"/>
    <property 
    name="sun.management.compiler" value="HotSpot 64-Bit Tiered Compilers">
</property>
    <property name="os.version" value="5.4.72-microsoft-standard-WSL2"/>
    <property 
    name="library.jansi.path" value="/usr/share/maven/lib/jansi-native">
</property>
    <property name="user.home" value="/root"/>
    <property name="user.timezone" value="Etc/UTC"/>
    <property name="java.awt.printerjob" value="sun.print.PSPrinterJob"/>
    <property name="java.specification.version" value="1.8"/>
    <property name="file.encoding" value="UTF-8"/>
    <property name="user.name" value="root"/>
    <property 
    name="java.class.path" value="/usr/share/maven/boot/plexus-classworlds-2.6.0.jar">
</property>
    <property name="java.vm.specification.version" value="1.8"/>
    <property name="sun.arch.data.model" value="64"/>
    <property name="java.home" value="/usr/local/openjdk-8/jre"/>
    <property 
    name="sun.java.command" value="org.codehaus.plexus.classworlds.launcher.Launcher -f /spark-monitoring/src/pom.xml install -P scala-2.12_spark-3.0.1">
</property>
    <property name="java.specification.vendor" value="Oracle Corporation"/>
    <property name="user.language" value="en"/>
    <property name="awt.toolkit" value="sun.awt.X11.XToolkit"/>
    <property name="java.vm.info" value="mixed mode"/>
    <property name="java.version" value="1.8.0_282"/>
    <property 
    name="java.ext.dirs" value="/usr/local/openjdk-8/jre/lib/ext:/usr/java/packages/lib/ext">
</property>
    <property name="securerandom.source" value="file:/dev/./urandom"/>
    <property 
    name="sun.boot.class.path" value="/usr/local/openjdk-8/jre/lib/resources.jar:/usr/local/openjdk-8/jre/lib/rt.jar:/usr/local/openjdk-8/jre/lib/sunrsasign.jar:/usr/local/openjdk-8/jre/lib/jsse.jar:/usr/local/openjdk-8/jre/lib/jce.jar:/usr/local/openjdk-8/jre/lib/charsets.jar:/usr/local/openjdk-8/jre/lib/jfr.jar:/usr/local/openjdk-8/jre/classes">
</property>
    <property name="java.vendor" value="Oracle Corporation"/>
    <property name="maven.home" value="/usr/share/maven"/>
    <property name="file.separator" value="/"/>
    <property 
    name="java.vendor.url.bug" value="http://bugreport.sun.com/bugreport/">
</property>
    <property name="sun.cpu.endian" value="little"/>
    <property name="sun.io.unicode.encoding" value="UnicodeLittle"/>
    <property name="sun.cpu.isalist" value=""/>
  </properties>
  <testcase 
  name="metricsSource cannot be null" classname="org.apache.spark.metrics.LocalMetricsSystemsSuite" time="0.006">
</testcase>
  <testcase 
  name="counter() returns named counter" classname="org.apache.spark.metrics.LocalMetricsSystemsSuite" time="0.001">
</testcase>
  <testcase 
  name="histogram() returns named histogram" classname="org.apache.spark.metrics.LocalMetricsSystemsSuite" time="0.001">
</testcase>
  <testcase 
  name="meter() returns named meter" classname="org.apache.spark.metrics.LocalMetricsSystemsSuite" time="0.001">
</testcase>
  <testcase 
  name="timer() returns named timer" classname="org.apache.spark.metrics.LocalMetricsSystemsSuite" time="0.001">
</testcase>
  <testcase 
  name="gauge() returns named gauge" classname="org.apache.spark.metrics.LocalMetricsSystemsSuite" time="0.002">
</testcase>
  <testcase 
  name="gauge() throws a SparkException for a gauge that does not inherit from SettableGauge[T]" classname="org.apache.spark.metrics.LocalMetricsSystemsSuite" time="0.002">
</testcase>
  <testcase 
  name="counter() throws a SparkException for a counter that does not exist" classname="org.apache.spark.metrics.LocalMetricsSystemsSuite" time="0.002">
</testcase>
  <system-out><![CDATA[]]></system-out>
  <system-err><![CDATA[]]></system-err>
</testsuite>
