<?xml version="1.0" encoding="UTF-8" ?>
<testsuite 
errors="0" failures="0" hostname="localhost" name="org.apache.spark.listeners.LogAnalyticsStreamingListenerSuite" tests="21" time="1.863" timestamp="2021-06-02T10:11:30">
  <properties>
    <property name="java.runtime.name" value="OpenJDK Runtime Environment"/>
    <property 
    name="sun.boot.library.path" value="/usr/local/openjdk-8/jre/lib/amd64">
</property>
    <property name="java.vm.version" value="25.282-b08"/>
    <property name="java.vm.vendor" value="Oracle Corporation"/>
    <property 
    name="maven.multiModuleProjectDirectory" value="/spark-monitoring/src">
</property>
    <property name="java.vendor.url" value="http://java.oracle.com/"/>
    <property name="path.separator" value=":"/>
    <property name="guice.disable.misplaced.annotation.check" value="true"/>
    <property name="java.vm.name" value="OpenJDK 64-Bit Server VM"/>
    <property name="file.encoding.pkg" value="sun.io"/>
    <property name="sun.java.launcher" value="SUN_STANDARD"/>
    <property name="sun.os.patch.level" value="unknown"/>
    <property 
    name="java.vm.specification.name" value="Java Virtual Machine Specification">
</property>
    <property name="user.dir" value="/"/>
    <property name="java.runtime.version" value="1.8.0_282-b08"/>
    <property 
    name="java.awt.graphicsenv" value="sun.awt.X11GraphicsEnvironment">
</property>
    <property 
    name="java.endorsed.dirs" value="/usr/local/openjdk-8/jre/lib/endorsed">
</property>
    <property name="os.arch" value="amd64"/>
    <property name="java.io.tmpdir" value="/tmp"/>
    <property name="line.separator" value=" "/>
    <property name="java.vm.specification.vendor" value="Oracle Corporation"/>
    <property name="os.name" value="Linux"/>
    <property name="classworlds.conf" value="/usr/share/maven/bin/m2.conf"/>
    <property name="sun.jnu.encoding" value="UTF-8"/>
    <property 
    name="java.library.path" value="/usr/java/packages/lib/amd64:/usr/lib64:/lib64:/lib:/usr/lib">
</property>
    <property name="maven.conf" value="/usr/share/maven/conf"/>
    <property 
    name="java.specification.name" value="Java Platform API Specification">
</property>
    <property name="java.class.version" value="52.0"/>
    <property 
    name="sun.management.compiler" value="HotSpot 64-Bit Tiered Compilers">
</property>
    <property name="os.version" value="5.4.72-microsoft-standard-WSL2"/>
    <property 
    name="library.jansi.path" value="/usr/share/maven/lib/jansi-native">
</property>
    <property name="user.home" value="/root"/>
    <property name="user.timezone" value="Etc/UTC"/>
    <property name="java.awt.printerjob" value="sun.print.PSPrinterJob"/>
    <property name="java.specification.version" value="1.8"/>
    <property name="file.encoding" value="UTF-8"/>
    <property name="user.name" value="root"/>
    <property 
    name="java.class.path" value="/usr/share/maven/boot/plexus-classworlds-2.6.0.jar">
</property>
    <property name="java.vm.specification.version" value="1.8"/>
    <property name="sun.arch.data.model" value="64"/>
    <property name="java.home" value="/usr/local/openjdk-8/jre"/>
    <property 
    name="sun.java.command" value="org.codehaus.plexus.classworlds.launcher.Launcher -f /spark-monitoring/src/pom.xml install -P scala-2.12_spark-3.0.1">
</property>
    <property name="java.specification.vendor" value="Oracle Corporation"/>
    <property name="user.language" value="en"/>
    <property name="awt.toolkit" value="sun.awt.X11.XToolkit"/>
    <property name="java.vm.info" value="mixed mode"/>
    <property name="java.version" value="1.8.0_282"/>
    <property 
    name="java.ext.dirs" value="/usr/local/openjdk-8/jre/lib/ext:/usr/java/packages/lib/ext">
</property>
    <property name="securerandom.source" value="file:/dev/./urandom"/>
    <property 
    name="sun.boot.class.path" value="/usr/local/openjdk-8/jre/lib/resources.jar:/usr/local/openjdk-8/jre/lib/rt.jar:/usr/local/openjdk-8/jre/lib/sunrsasign.jar:/usr/local/openjdk-8/jre/lib/jsse.jar:/usr/local/openjdk-8/jre/lib/jce.jar:/usr/local/openjdk-8/jre/lib/charsets.jar:/usr/local/openjdk-8/jre/lib/jfr.jar:/usr/local/openjdk-8/jre/classes">
</property>
    <property name="java.vendor" value="Oracle Corporation"/>
    <property name="maven.home" value="/usr/share/maven"/>
    <property name="file.separator" value="/"/>
    <property 
    name="java.vendor.url.bug" value="http://bugreport.sun.com/bugreport/">
</property>
    <property name="sun.cpu.endian" value="little"/>
    <property name="sun.io.unicode.encoding" value="UnicodeLittle"/>
    <property name="sun.cpu.isalist" value=""/>
  </properties>
  <testcase 
  name="should invoke sendToSink for StreamingListenerStreamingStarted event with full class name" classname="org.apache.spark.listeners.LogAnalyticsStreamingListenerSuite" time="0.898">
</testcase>
  <testcase 
  name="should invoke sendToSink for StreamingListenerReceiverStarted event with full class name" classname="org.apache.spark.listeners.LogAnalyticsStreamingListenerSuite" time="0.053">
</testcase>
  <testcase 
  name="should invoke sendToSink for StreamingListenerReceiverError event with full class name" classname="org.apache.spark.listeners.LogAnalyticsStreamingListenerSuite" time="0.023">
</testcase>
  <testcase 
  name="should invoke sendToSink for StreamingListenerReceiverStopped event with full class name" classname="org.apache.spark.listeners.LogAnalyticsStreamingListenerSuite" time="0.02">
</testcase>
  <testcase 
  name="should invoke sendToSink for StreamingListenerBatchSubmitted event with full class name" classname="org.apache.spark.listeners.LogAnalyticsStreamingListenerSuite" time="0.15">
</testcase>
  <testcase 
  name="should invoke sendToSink for StreamingListenerBatchStarted event with full class name" classname="org.apache.spark.listeners.LogAnalyticsStreamingListenerSuite" time="0.051">
</testcase>
  <testcase 
  name="should invoke sendToSink for StreamingListenerBatchCompleted event with full class name" classname="org.apache.spark.listeners.LogAnalyticsStreamingListenerSuite" time="0.017">
</testcase>
  <testcase 
  name="should invoke sendToSink for StreamingListenerOutputOperationStarted event with full class name" classname="org.apache.spark.listeners.LogAnalyticsStreamingListenerSuite" time="0.044">
</testcase>
  <testcase 
  name="should invoke sendToSink for StreamingListenerOutputOperationCompleted event with full class name" classname="org.apache.spark.listeners.LogAnalyticsStreamingListenerSuite" time="0.022">
</testcase>
  <testcase 
  name="StreamingListenerStreamingStarted should have expected SparkEventTime" classname="org.apache.spark.listeners.LogAnalyticsStreamingListenerSuite" time="0.013">
</testcase>
  <testcase 
  name="StreamingListenerBatchCompleted should have expected SparkEventTime" classname="org.apache.spark.listeners.LogAnalyticsStreamingListenerSuite" time="0.014">
</testcase>
  <testcase 
  name="StreamingListenerBatchSubmitted should have expected SparkEventTime" classname="org.apache.spark.listeners.LogAnalyticsStreamingListenerSuite" time="0.01">
</testcase>
  <testcase 
  name="StreamingListenerBatchStarted should have expected SparkEventTime" classname="org.apache.spark.listeners.LogAnalyticsStreamingListenerSuite" time="0.015">
</testcase>
  <testcase 
  name="StreamingListenerBatchStarted with no processingStartTime should have SparkEventTime" classname="org.apache.spark.listeners.LogAnalyticsStreamingListenerSuite" time="0.019">
</testcase>
  <testcase 
  name="StreamingListenerOutputOperationCompleted should have expected SparkEventTime" classname="org.apache.spark.listeners.LogAnalyticsStreamingListenerSuite" time="0.013">
</testcase>
  <testcase 
  name="StreamingListenerOutputOperationCompleted with no endTime should have SparkEventTime" classname="org.apache.spark.listeners.LogAnalyticsStreamingListenerSuite" time="0.014">
</testcase>
  <testcase 
  name="StreamingListenerOutputOperationStarted should have expected SparkEventTime" classname="org.apache.spark.listeners.LogAnalyticsStreamingListenerSuite" time="0.014">
</testcase>
  <testcase 
  name="StreamingListenerOutputOperationStarted with no endTime should have SparkEventTime" classname="org.apache.spark.listeners.LogAnalyticsStreamingListenerSuite" time="0.01">
</testcase>
  <testcase 
  name="StreamingListenerReceiverError should have SparkEventTime" classname="org.apache.spark.listeners.LogAnalyticsStreamingListenerSuite" time="0.008">
</testcase>
  <testcase 
  name="StreamingListenerReceiverStarted should have SparkEventTime" classname="org.apache.spark.listeners.LogAnalyticsStreamingListenerSuite" time="0.009">
</testcase>
  <testcase 
  name="StreamingListenerReceiverStopped should have SparkEventTime" classname="org.apache.spark.listeners.LogAnalyticsStreamingListenerSuite" time="0.01">
</testcase>
  <system-out><![CDATA[]]></system-out>
  <system-err><![CDATA[]]></system-err>
</testsuite>
