<?xml version="1.0" encoding="UTF-8"?>
<testsuite xmlns:xsi="http://www.w3.org/2001/XMLSchema-instance" xsi:noNamespaceSchemaLocation="https://maven.apache.org/surefire/maven-surefire-plugin/xsd/surefire-test-report.xsd" name="com.microsoft.pnp.client.loganalytics.ResourceIdTest" time="0.53" tests="2" errors="0" skipped="0" failures="0">
  <properties>
    <property name="awt.toolkit" value="sun.awt.X11.XToolkit"/>
    <property name="file.encoding.pkg" value="sun.io"/>
    <property name="java.specification.version" value="1.8"/>
    <property name="sun.cpu.isalist" value=""/>
    <property name="sun.jnu.encoding" value="UTF-8"/>
    <property name="java.class.path" value="/spark-monitoring/src/spark-listeners-loganalytics/target/test-classes:/spark-monitoring/src/spark-listeners-loganalytics/target/classes:/spark-monitoring/src/target/spark-listeners_3.0.1_2.12-1.0.0.jar:/root/.m2/repository/org/scala-lang/scala-library/2.12.12/scala-library-2.12.12.jar:/root/.m2/repository/org/apache/spark/spark-sql_2.12/3.0.1/spark-sql_2.12-3.0.1.jar:/root/.m2/repository/com/univocity/univocity-parsers/2.9.0/univocity-parsers-2.9.0.jar:/root/.m2/repository/org/apache/spark/spark-sketch_2.12/3.0.1/spark-sketch_2.12-3.0.1.jar:/root/.m2/repository/org/apache/spark/spark-core_2.12/3.0.1/spark-core_2.12-3.0.1.jar:/root/.m2/repository/com/thoughtworks/paranamer/paranamer/2.8/paranamer-2.8.jar:/root/.m2/repository/org/apache/avro/avro/1.8.2/avro-1.8.2.jar:/root/.m2/repository/org/apache/commons/commons-compress/1.8.1/commons-compress-1.8.1.jar:/root/.m2/repository/org/tukaani/xz/1.5/xz-1.5.jar:/root/.m2/repository/org/apache/avro/avro-mapred/1.8.2/avro-mapred-1.8.2-hadoop2.jar:/root/.m2/repository/org/apache/avro/avro-ipc/1.8.2/avro-ipc-1.8.2.jar:/root/.m2/repository/com/twitter/chill_2.12/0.9.5/chill_2.12-0.9.5.jar:/root/.m2/repository/com/esotericsoftware/kryo-shaded/4.0.2/kryo-shaded-4.0.2.jar:/root/.m2/repository/com/esotericsoftware/minlog/1.3.0/minlog-1.3.0.jar:/root/.m2/repository/com/twitter/chill-java/0.9.5/chill-java-0.9.5.jar:/root/.m2/repository/org/apache/hadoop/hadoop-client/2.7.4/hadoop-client-2.7.4.jar:/root/.m2/repository/org/apache/hadoop/hadoop-common/2.7.4/hadoop-common-2.7.4.jar:/root/.m2/repository/commons-cli/commons-cli/1.2/commons-cli-1.2.jar:/root/.m2/repository/xmlenc/xmlenc/0.52/xmlenc-0.52.jar:/root/.m2/repository/commons-httpclient/commons-httpclient/3.1/commons-httpclient-3.1.jar:/root/.m2/repository/commons-io/commons-io/2.4/commons-io-2.4.jar:/root/.m2/repository/commons-collections/commons-collections/3.2.2/commons-collections-3.2.2.jar:/root/.m2/repository/org/mortbay/jetty/jetty-sslengine/6.1.26/jetty-sslengine-6.1.26.jar:/root/.m2/repository/javax/servlet/jsp/jsp-api/2.1/jsp-api-2.1.jar:/root/.m2/repository/commons-configuration/commons-configuration/1.6/commons-configuration-1.6.jar:/root/.m2/repository/commons-digester/commons-digester/1.8/commons-digester-1.8.jar:/root/.m2/repository/commons-beanutils/commons-beanutils/1.7.0/commons-beanutils-1.7.0.jar:/root/.m2/repository/com/google/code/gson/gson/2.2.4/gson-2.2.4.jar:/root/.m2/repository/org/apache/hadoop/hadoop-auth/2.7.4/hadoop-auth-2.7.4.jar:/root/.m2/repository/org/apache/directory/server/apacheds-kerberos-codec/2.0.0-M15/apacheds-kerberos-codec-2.0.0-M15.jar:/root/.m2/repository/org/apache/directory/server/apacheds-i18n/2.0.0-M15/apacheds-i18n-2.0.0-M15.jar:/root/.m2/repository/org/apache/directory/api/api-asn1-api/1.0.0-M20/api-asn1-api-1.0.0-M20.jar:/root/.m2/repository/org/apache/directory/api/api-util/1.0.0-M20/api-util-1.0.0-M20.jar:/root/.m2/repository/org/apache/curator/curator-client/2.7.1/curator-client-2.7.1.jar:/root/.m2/repository/org/apache/htrace/htrace-core/3.1.0-incubating/htrace-core-3.1.0-incubating.jar:/root/.m2/repository/org/apache/hadoop/hadoop-hdfs/2.7.4/hadoop-hdfs-2.7.4.jar:/root/.m2/repository/org/mortbay/jetty/jetty-util/6.1.26/jetty-util-6.1.26.jar:/root/.m2/repository/xerces/xercesImpl/2.9.1/xercesImpl-2.9.1.jar:/root/.m2/repository/xml-apis/xml-apis/1.3.04/xml-apis-1.3.04.jar:/root/.m2/repository/org/apache/hadoop/hadoop-mapreduce-client-app/2.7.4/hadoop-mapreduce-client-app-2.7.4.jar:/root/.m2/repository/org/apache/hadoop/hadoop-mapreduce-client-common/2.7.4/hadoop-mapreduce-client-common-2.7.4.jar:/root/.m2/repository/org/apache/hadoop/hadoop-yarn-client/2.7.4/hadoop-yarn-client-2.7.4.jar:/root/.m2/repository/org/apache/hadoop/hadoop-yarn-server-common/2.7.4/hadoop-yarn-server-common-2.7.4.jar:/root/.m2/repository/org/apache/hadoop/hadoop-mapreduce-client-shuffle/2.7.4/hadoop-mapreduce-client-shuffle-2.7.4.jar:/root/.m2/repository/org/apache/hadoop/hadoop-yarn-api/2.7.4/hadoop-yarn-api-2.7.4.jar:/root/.m2/repository/org/apache/hadoop/hadoop-mapreduce-client-core/2.7.4/hadoop-mapreduce-client-core-2.7.4.jar:/root/.m2/repository/org/apache/hadoop/hadoop-yarn-common/2.7.4/hadoop-yarn-common-2.7.4.jar:/root/.m2/repository/javax/xml/bind/jaxb-api/2.2.2/jaxb-api-2.2.2.jar:/root/.m2/repository/javax/xml/stream/stax-api/1.0-2/stax-api-1.0-2.jar:/root/.m2/repository/org/codehaus/jackson/jackson-jaxrs/1.9.13/jackson-jaxrs-1.9.13.jar:/root/.m2/repository/org/codehaus/jackson/jackson-xc/1.9.13/jackson-xc-1.9.13.jar:/root/.m2/repository/org/apache/hadoop/hadoop-mapreduce-client-jobclient/2.7.4/hadoop-mapreduce-client-jobclient-2.7.4.jar:/root/.m2/repository/org/apache/hadoop/hadoop-annotations/2.7.4/hadoop-annotations-2.7.4.jar:/root/.m2/repository/org/apache/spark/spark-launcher_2.12/3.0.1/spark-launcher_2.12-3.0.1.jar:/root/.m2/repository/org/apache/spark/spark-kvstore_2.12/3.0.1/spark-kvstore_2.12-3.0.1.jar:/root/.m2/repository/org/fusesource/leveldbjni/leveldbjni-all/1.8/leveldbjni-all-1.8.jar:/root/.m2/repository/org/apache/spark/spark-network-common_2.12/3.0.1/spark-network-common_2.12-3.0.1.jar:/root/.m2/repository/org/apache/spark/spark-network-shuffle_2.12/3.0.1/spark-network-shuffle_2.12-3.0.1.jar:/root/.m2/repository/org/apache/spark/spark-unsafe_2.12/3.0.1/spark-unsafe_2.12-3.0.1.jar:/root/.m2/repository/javax/activation/activation/1.1.1/activation-1.1.1.jar:/root/.m2/repository/org/apache/curator/curator-recipes/2.7.1/curator-recipes-2.7.1.jar:/root/.m2/repository/org/apache/curator/curator-framework/2.7.1/curator-framework-2.7.1.jar:/root/.m2/repository/com/google/guava/guava/16.0.1/guava-16.0.1.jar:/root/.m2/repository/org/apache/zookeeper/zookeeper/3.4.14/zookeeper-3.4.14.jar:/root/.m2/repository/org/apache/yetus/audience-annotations/0.5.0/audience-annotations-0.5.0.jar:/root/.m2/repository/org/apache/commons/commons-lang3/3.9/commons-lang3-3.9.jar:/root/.m2/repository/org/apache/commons/commons-math3/3.4.1/commons-math3-3.4.1.jar:/root/.m2/repository/org/apache/commons/commons-text/1.6/commons-text-1.6.jar:/root/.m2/repository/com/google/code/findbugs/jsr305/3.0.0/jsr305-3.0.0.jar:/root/.m2/repository/org/slf4j/slf4j-api/1.7.30/slf4j-api-1.7.30.jar:/root/.m2/repository/org/slf4j/jul-to-slf4j/1.7.30/jul-to-slf4j-1.7.30.jar:/root/.m2/repository/org/slf4j/jcl-over-slf4j/1.7.30/jcl-over-slf4j-1.7.30.jar:/root/.m2/repository/log4j/log4j/1.2.17/log4j-1.2.17.jar:/root/.m2/repository/org/slf4j/slf4j-log4j12/1.7.30/slf4j-log4j12-1.7.30.jar:/root/.m2/repository/com/ning/compress-lzf/1.0.3/compress-lzf-1.0.3.jar:/root/.m2/repository/org/xerial/snappy/snappy-java/1.1.7.5/snappy-java-1.1.7.5.jar:/root/.m2/repository/org/lz4/lz4-java/1.7.1/lz4-java-1.7.1.jar:/root/.m2/repository/com/github/luben/zstd-jni/1.4.4-3/zstd-jni-1.4.4-3.jar:/root/.m2/repository/org/roaringbitmap/RoaringBitmap/0.7.45/RoaringBitmap-0.7.45.jar:/root/.m2/repository/org/roaringbitmap/shims/0.7.45/shims-0.7.45.jar:/root/.m2/repository/commons-net/commons-net/3.1/commons-net-3.1.jar:/root/.m2/repository/org/json4s/json4s-jackson_2.12/3.6.6/json4s-jackson_2.12-3.6.6.jar:/root/.m2/repository/org/json4s/json4s-core_2.12/3.6.6/json4s-core_2.12-3.6.6.jar:/root/.m2/repository/org/json4s/json4s-ast_2.12/3.6.6/json4s-ast_2.12-3.6.6.jar:/root/.m2/repository/org/json4s/json4s-scalap_2.12/3.6.6/json4s-scalap_2.12-3.6.6.jar:/root/.m2/repository/org/glassfish/jersey/core/jersey-client/2.30/jersey-client-2.30.jar:/root/.m2/repository/jakarta/ws/rs/jakarta.ws.rs-api/2.1.6/jakarta.ws.rs-api-2.1.6.jar:/root/.m2/repository/org/glassfish/hk2/external/jakarta.inject/2.6.1/jakarta.inject-2.6.1.jar:/root/.m2/repository/org/glassfish/jersey/core/jersey-common/2.30/jersey-common-2.30.jar:/root/.m2/repository/jakarta/annotation/jakarta.annotation-api/1.3.5/jakarta.annotation-api-1.3.5.jar:/root/.m2/repository/org/glassfish/hk2/osgi-resource-locator/1.0.3/osgi-resource-locator-1.0.3.jar:/root/.m2/repository/org/glassfish/jersey/core/jersey-server/2.30/jersey-server-2.30.jar:/root/.m2/repository/org/glassfish/jersey/media/jersey-media-jaxb/2.30/jersey-media-jaxb-2.30.jar:/root/.m2/repository/jakarta/validation/jakarta.validation-api/2.0.2/jakarta.validation-api-2.0.2.jar:/root/.m2/repository/org/glassfish/jersey/containers/jersey-container-servlet/2.30/jersey-container-servlet-2.30.jar:/root/.m2/repository/org/glassfish/jersey/containers/jersey-container-servlet-core/2.30/jersey-container-servlet-core-2.30.jar:/root/.m2/repository/org/glassfish/jersey/inject/jersey-hk2/2.30/jersey-hk2-2.30.jar:/root/.m2/repository/org/glassfish/hk2/hk2-locator/2.6.1/hk2-locator-2.6.1.jar:/root/.m2/repository/org/glassfish/hk2/external/aopalliance-repackaged/2.6.1/aopalliance-repackaged-2.6.1.jar:/root/.m2/repository/org/glassfish/hk2/hk2-api/2.6.1/hk2-api-2.6.1.jar:/root/.m2/repository/org/glassfish/hk2/hk2-utils/2.6.1/hk2-utils-2.6.1.jar:/root/.m2/repository/org/javassist/javassist/3.25.0-GA/javassist-3.25.0-GA.jar:/root/.m2/repository/io/netty/netty-all/4.1.47.Final/netty-all-4.1.47.Final.jar:/root/.m2/repository/com/clearspring/analytics/stream/2.9.6/stream-2.9.6.jar:/root/.m2/repository/io/dropwizard/metrics/metrics-core/4.1.1/metrics-core-4.1.1.jar:/root/.m2/repository/io/dropwizard/metrics/metrics-jvm/4.1.1/metrics-jvm-4.1.1.jar:/root/.m2/repository/io/dropwizard/metrics/metrics-json/4.1.1/metrics-json-4.1.1.jar:/root/.m2/repository/io/dropwizard/metrics/metrics-graphite/4.1.1/metrics-graphite-4.1.1.jar:/root/.m2/repository/io/dropwizard/metrics/metrics-jmx/4.1.1/metrics-jmx-4.1.1.jar:/root/.m2/repository/com/fasterxml/jackson/module/jackson-module-scala_2.12/2.10.0/jackson-module-scala_2.12-2.10.0.jar:/root/.m2/repository/com/fasterxml/jackson/module/jackson-module-paranamer/2.10.0/jackson-module-paranamer-2.10.0.jar:/root/.m2/repository/org/apache/ivy/ivy/2.4.0/ivy-2.4.0.jar:/root/.m2/repository/oro/oro/2.0.8/oro-2.0.8.jar:/root/.m2/repository/net/razorvine/pyrolite/4.30/pyrolite-4.30.jar:/root/.m2/repository/net/sf/py4j/py4j/0.10.9/py4j-0.10.9.jar:/root/.m2/repository/org/apache/commons/commons-crypto/1.0.0/commons-crypto-1.0.0.jar:/root/.m2/repository/org/apache/spark/spark-catalyst_2.12/3.0.1/spark-catalyst_2.12-3.0.1.jar:/root/.m2/repository/org/scala-lang/modules/scala-parser-combinators_2.12/1.1.2/scala-parser-combinators_2.12-1.1.2.jar:/root/.m2/repository/org/codehaus/janino/janino/3.0.16/janino-3.0.16.jar:/root/.m2/repository/org/codehaus/janino/commons-compiler/3.0.16/commons-compiler-3.0.16.jar:/root/.m2/repository/org/antlr/antlr4-runtime/4.7.1/antlr4-runtime-4.7.1.jar:/root/.m2/repository/org/apache/arrow/arrow-vector/0.15.1/arrow-vector-0.15.1.jar:/root/.m2/repository/org/apache/arrow/arrow-format/0.15.1/arrow-format-0.15.1.jar:/root/.m2/repository/org/apache/arrow/arrow-memory/0.15.1/arrow-memory-0.15.1.jar:/root/.m2/repository/com/google/flatbuffers/flatbuffers-java/1.9.0/flatbuffers-java-1.9.0.jar:/root/.m2/repository/org/apache/spark/spark-tags_2.12/3.0.1/spark-tags_2.12-3.0.1.jar:/root/.m2/repository/org/apache/orc/orc-core/1.5.10/orc-core-1.5.10.jar:/root/.m2/repository/org/apache/orc/orc-shims/1.5.10/orc-shims-1.5.10.jar:/root/.m2/repository/com/google/protobuf/protobuf-java/2.5.0/protobuf-java-2.5.0.jar:/root/.m2/repository/commons-lang/commons-lang/2.6/commons-lang-2.6.jar:/root/.m2/repository/io/airlift/aircompressor/0.10/aircompressor-0.10.jar:/root/.m2/repository/org/threeten/threeten-extra/1.5.0/threeten-extra-1.5.0.jar:/root/.m2/repository/org/apache/orc/orc-mapreduce/1.5.10/orc-mapreduce-1.5.10.jar:/root/.m2/repository/org/apache/hive/hive-storage-api/2.7.1/hive-storage-api-2.7.1.jar:/root/.m2/repository/org/apache/parquet/parquet-column/1.10.1/parquet-column-1.10.1.jar:/root/.m2/repository/org/apache/parquet/parquet-common/1.10.1/parquet-common-1.10.1.jar:/root/.m2/repository/org/apache/parquet/parquet-encoding/1.10.1/parquet-encoding-1.10.1.jar:/root/.m2/repository/org/apache/parquet/parquet-hadoop/1.10.1/parquet-hadoop-1.10.1.jar:/root/.m2/repository/org/apache/parquet/parquet-format/2.4.0/parquet-format-2.4.0.jar:/root/.m2/repository/org/apache/parquet/parquet-jackson/1.10.1/parquet-jackson-1.10.1.jar:/root/.m2/repository/org/codehaus/jackson/jackson-mapper-asl/1.9.13/jackson-mapper-asl-1.9.13.jar:/root/.m2/repository/org/codehaus/jackson/jackson-core-asl/1.9.13/jackson-core-asl-1.9.13.jar:/root/.m2/repository/com/fasterxml/jackson/core/jackson-databind/2.10.0/jackson-databind-2.10.0.jar:/root/.m2/repository/com/fasterxml/jackson/core/jackson-annotations/2.10.0/jackson-annotations-2.10.0.jar:/root/.m2/repository/com/fasterxml/jackson/core/jackson-core/2.10.0/jackson-core-2.10.0.jar:/root/.m2/repository/org/apache/xbean/xbean-asm7-shaded/4.15/xbean-asm7-shaded-4.15.jar:/root/.m2/repository/org/spark-project/spark/unused/1.0.0/unused-1.0.0.jar:/root/.m2/repository/org/apache/spark/spark-streaming_2.12/3.0.1/spark-streaming_2.12-3.0.1.jar:/root/.m2/repository/org/eclipse/jetty/jetty-server/9.4.31.v20200723/jetty-server-9.4.31.v20200723.jar:/root/.m2/repository/javax/servlet/javax.servlet-api/3.1.0/javax.servlet-api-3.1.0.jar:/root/.m2/repository/org/eclipse/jetty/jetty-http/9.4.31.v20200723/jetty-http-9.4.31.v20200723.jar:/root/.m2/repository/org/eclipse/jetty/jetty-util/9.4.31.v20200723/jetty-util-9.4.31.v20200723.jar:/root/.m2/repository/org/eclipse/jetty/jetty-io/9.4.31.v20200723/jetty-io-9.4.31.v20200723.jar:/root/.m2/repository/org/apache/httpcomponents/httpclient/4.5.12/httpclient-4.5.12.jar:/root/.m2/repository/org/apache/httpcomponents/httpcore/4.4.13/httpcore-4.4.13.jar:/root/.m2/repository/commons-logging/commons-logging/1.2/commons-logging-1.2.jar:/root/.m2/repository/commons-codec/commons-codec/1.11/commons-codec-1.11.jar:/root/.m2/repository/org/scala-lang/scala-reflect/2.12.12/scala-reflect-2.12.12.jar:/root/.m2/repository/org/mockito/mockito-core/3.5.15/mockito-core-3.5.15.jar:/root/.m2/repository/net/bytebuddy/byte-buddy/1.10.15/byte-buddy-1.10.15.jar:/root/.m2/repository/net/bytebuddy/byte-buddy-agent/1.10.15/byte-buddy-agent-1.10.15.jar:/root/.m2/repository/org/objenesis/objenesis/3.1/objenesis-3.1.jar:/root/.m2/repository/org/scalatest/scalatest_2.12/3.0.9/scalatest_2.12-3.0.9.jar:/root/.m2/repository/org/scalactic/scalactic_2.12/3.0.9/scalactic_2.12-3.0.9.jar:/root/.m2/repository/org/scala-lang/modules/scala-xml_2.12/1.2.0/scala-xml_2.12-1.2.0.jar:/root/.m2/repository/junit/junit/4.13.1/junit-4.13.1.jar:/root/.m2/repository/org/hamcrest/hamcrest-core/1.3/hamcrest-core-1.3.jar:/root/.m2/repository/com/github/stefanbirkner/system-rules/1.19.0/system-rules-1.19.0.jar:/root/.m2/repository/org/scala-lang/scala-compiler/2.12.12/scala-compiler-2.12.12.jar:"/>
    <property name="java.vm.vendor" value="Oracle Corporation"/>
    <property name="sun.arch.data.model" value="64"/>
    <property name="java.vendor.url" value="http://java.oracle.com/"/>
    <property name="user.timezone" value=""/>
    <property name="java.vm.specification.version" value="1.8"/>
    <property name="os.name" value="Linux"/>
    <property name="sun.java.launcher" value="SUN_STANDARD"/>
    <property name="sun.boot.library.path" value="/usr/local/openjdk-8/jre/lib/amd64"/>
    <property name="sun.java.command" value="/spark-monitoring/src/spark-listeners-loganalytics/target/surefire/surefirebooter2619411592803941179.jar /spark-monitoring/src/spark-listeners-loganalytics/target/surefire 2021-06-02T17-11-22_999-jvmRun1 surefire7842123905854232939tmp surefire_18746121088490405225tmp"/>
    <property name="surefire.test.class.path" value="/spark-monitoring/src/spark-listeners-loganalytics/target/test-classes:/spark-monitoring/src/spark-listeners-loganalytics/target/classes:/spark-monitoring/src/target/spark-listeners_3.0.1_2.12-1.0.0.jar:/root/.m2/repository/org/scala-lang/scala-library/2.12.12/scala-library-2.12.12.jar:/root/.m2/repository/org/apache/spark/spark-sql_2.12/3.0.1/spark-sql_2.12-3.0.1.jar:/root/.m2/repository/com/univocity/univocity-parsers/2.9.0/univocity-parsers-2.9.0.jar:/root/.m2/repository/org/apache/spark/spark-sketch_2.12/3.0.1/spark-sketch_2.12-3.0.1.jar:/root/.m2/repository/org/apache/spark/spark-core_2.12/3.0.1/spark-core_2.12-3.0.1.jar:/root/.m2/repository/com/thoughtworks/paranamer/paranamer/2.8/paranamer-2.8.jar:/root/.m2/repository/org/apache/avro/avro/1.8.2/avro-1.8.2.jar:/root/.m2/repository/org/apache/commons/commons-compress/1.8.1/commons-compress-1.8.1.jar:/root/.m2/repository/org/tukaani/xz/1.5/xz-1.5.jar:/root/.m2/repository/org/apache/avro/avro-mapred/1.8.2/avro-mapred-1.8.2-hadoop2.jar:/root/.m2/repository/org/apache/avro/avro-ipc/1.8.2/avro-ipc-1.8.2.jar:/root/.m2/repository/com/twitter/chill_2.12/0.9.5/chill_2.12-0.9.5.jar:/root/.m2/repository/com/esotericsoftware/kryo-shaded/4.0.2/kryo-shaded-4.0.2.jar:/root/.m2/repository/com/esotericsoftware/minlog/1.3.0/minlog-1.3.0.jar:/root/.m2/repository/com/twitter/chill-java/0.9.5/chill-java-0.9.5.jar:/root/.m2/repository/org/apache/hadoop/hadoop-client/2.7.4/hadoop-client-2.7.4.jar:/root/.m2/repository/org/apache/hadoop/hadoop-common/2.7.4/hadoop-common-2.7.4.jar:/root/.m2/repository/commons-cli/commons-cli/1.2/commons-cli-1.2.jar:/root/.m2/repository/xmlenc/xmlenc/0.52/xmlenc-0.52.jar:/root/.m2/repository/commons-httpclient/commons-httpclient/3.1/commons-httpclient-3.1.jar:/root/.m2/repository/commons-io/commons-io/2.4/commons-io-2.4.jar:/root/.m2/repository/commons-collections/commons-collections/3.2.2/commons-collections-3.2.2.jar:/root/.m2/repository/org/mortbay/jetty/jetty-sslengine/6.1.26/jetty-sslengine-6.1.26.jar:/root/.m2/repository/javax/servlet/jsp/jsp-api/2.1/jsp-api-2.1.jar:/root/.m2/repository/commons-configuration/commons-configuration/1.6/commons-configuration-1.6.jar:/root/.m2/repository/commons-digester/commons-digester/1.8/commons-digester-1.8.jar:/root/.m2/repository/commons-beanutils/commons-beanutils/1.7.0/commons-beanutils-1.7.0.jar:/root/.m2/repository/com/google/code/gson/gson/2.2.4/gson-2.2.4.jar:/root/.m2/repository/org/apache/hadoop/hadoop-auth/2.7.4/hadoop-auth-2.7.4.jar:/root/.m2/repository/org/apache/directory/server/apacheds-kerberos-codec/2.0.0-M15/apacheds-kerberos-codec-2.0.0-M15.jar:/root/.m2/repository/org/apache/directory/server/apacheds-i18n/2.0.0-M15/apacheds-i18n-2.0.0-M15.jar:/root/.m2/repository/org/apache/directory/api/api-asn1-api/1.0.0-M20/api-asn1-api-1.0.0-M20.jar:/root/.m2/repository/org/apache/directory/api/api-util/1.0.0-M20/api-util-1.0.0-M20.jar:/root/.m2/repository/org/apache/curator/curator-client/2.7.1/curator-client-2.7.1.jar:/root/.m2/repository/org/apache/htrace/htrace-core/3.1.0-incubating/htrace-core-3.1.0-incubating.jar:/root/.m2/repository/org/apache/hadoop/hadoop-hdfs/2.7.4/hadoop-hdfs-2.7.4.jar:/root/.m2/repository/org/mortbay/jetty/jetty-util/6.1.26/jetty-util-6.1.26.jar:/root/.m2/repository/xerces/xercesImpl/2.9.1/xercesImpl-2.9.1.jar:/root/.m2/repository/xml-apis/xml-apis/1.3.04/xml-apis-1.3.04.jar:/root/.m2/repository/org/apache/hadoop/hadoop-mapreduce-client-app/2.7.4/hadoop-mapreduce-client-app-2.7.4.jar:/root/.m2/repository/org/apache/hadoop/hadoop-mapreduce-client-common/2.7.4/hadoop-mapreduce-client-common-2.7.4.jar:/root/.m2/repository/org/apache/hadoop/hadoop-yarn-client/2.7.4/hadoop-yarn-client-2.7.4.jar:/root/.m2/repository/org/apache/hadoop/hadoop-yarn-server-common/2.7.4/hadoop-yarn-server-common-2.7.4.jar:/root/.m2/repository/org/apache/hadoop/hadoop-mapreduce-client-shuffle/2.7.4/hadoop-mapreduce-client-shuffle-2.7.4.jar:/root/.m2/repository/org/apache/hadoop/hadoop-yarn-api/2.7.4/hadoop-yarn-api-2.7.4.jar:/root/.m2/repository/org/apache/hadoop/hadoop-mapreduce-client-core/2.7.4/hadoop-mapreduce-client-core-2.7.4.jar:/root/.m2/repository/org/apache/hadoop/hadoop-yarn-common/2.7.4/hadoop-yarn-common-2.7.4.jar:/root/.m2/repository/javax/xml/bind/jaxb-api/2.2.2/jaxb-api-2.2.2.jar:/root/.m2/repository/javax/xml/stream/stax-api/1.0-2/stax-api-1.0-2.jar:/root/.m2/repository/org/codehaus/jackson/jackson-jaxrs/1.9.13/jackson-jaxrs-1.9.13.jar:/root/.m2/repository/org/codehaus/jackson/jackson-xc/1.9.13/jackson-xc-1.9.13.jar:/root/.m2/repository/org/apache/hadoop/hadoop-mapreduce-client-jobclient/2.7.4/hadoop-mapreduce-client-jobclient-2.7.4.jar:/root/.m2/repository/org/apache/hadoop/hadoop-annotations/2.7.4/hadoop-annotations-2.7.4.jar:/root/.m2/repository/org/apache/spark/spark-launcher_2.12/3.0.1/spark-launcher_2.12-3.0.1.jar:/root/.m2/repository/org/apache/spark/spark-kvstore_2.12/3.0.1/spark-kvstore_2.12-3.0.1.jar:/root/.m2/repository/org/fusesource/leveldbjni/leveldbjni-all/1.8/leveldbjni-all-1.8.jar:/root/.m2/repository/org/apache/spark/spark-network-common_2.12/3.0.1/spark-network-common_2.12-3.0.1.jar:/root/.m2/repository/org/apache/spark/spark-network-shuffle_2.12/3.0.1/spark-network-shuffle_2.12-3.0.1.jar:/root/.m2/repository/org/apache/spark/spark-unsafe_2.12/3.0.1/spark-unsafe_2.12-3.0.1.jar:/root/.m2/repository/javax/activation/activation/1.1.1/activation-1.1.1.jar:/root/.m2/repository/org/apache/curator/curator-recipes/2.7.1/curator-recipes-2.7.1.jar:/root/.m2/repository/org/apache/curator/curator-framework/2.7.1/curator-framework-2.7.1.jar:/root/.m2/repository/com/google/guava/guava/16.0.1/guava-16.0.1.jar:/root/.m2/repository/org/apache/zookeeper/zookeeper/3.4.14/zookeeper-3.4.14.jar:/root/.m2/repository/org/apache/yetus/audience-annotations/0.5.0/audience-annotations-0.5.0.jar:/root/.m2/repository/org/apache/commons/commons-lang3/3.9/commons-lang3-3.9.jar:/root/.m2/repository/org/apache/commons/commons-math3/3.4.1/commons-math3-3.4.1.jar:/root/.m2/repository/org/apache/commons/commons-text/1.6/commons-text-1.6.jar:/root/.m2/repository/com/google/code/findbugs/jsr305/3.0.0/jsr305-3.0.0.jar:/root/.m2/repository/org/slf4j/slf4j-api/1.7.30/slf4j-api-1.7.30.jar:/root/.m2/repository/org/slf4j/jul-to-slf4j/1.7.30/jul-to-slf4j-1.7.30.jar:/root/.m2/repository/org/slf4j/jcl-over-slf4j/1.7.30/jcl-over-slf4j-1.7.30.jar:/root/.m2/repository/log4j/log4j/1.2.17/log4j-1.2.17.jar:/root/.m2/repository/org/slf4j/slf4j-log4j12/1.7.30/slf4j-log4j12-1.7.30.jar:/root/.m2/repository/com/ning/compress-lzf/1.0.3/compress-lzf-1.0.3.jar:/root/.m2/repository/org/xerial/snappy/snappy-java/1.1.7.5/snappy-java-1.1.7.5.jar:/root/.m2/repository/org/lz4/lz4-java/1.7.1/lz4-java-1.7.1.jar:/root/.m2/repository/com/github/luben/zstd-jni/1.4.4-3/zstd-jni-1.4.4-3.jar:/root/.m2/repository/org/roaringbitmap/RoaringBitmap/0.7.45/RoaringBitmap-0.7.45.jar:/root/.m2/repository/org/roaringbitmap/shims/0.7.45/shims-0.7.45.jar:/root/.m2/repository/commons-net/commons-net/3.1/commons-net-3.1.jar:/root/.m2/repository/org/json4s/json4s-jackson_2.12/3.6.6/json4s-jackson_2.12-3.6.6.jar:/root/.m2/repository/org/json4s/json4s-core_2.12/3.6.6/json4s-core_2.12-3.6.6.jar:/root/.m2/repository/org/json4s/json4s-ast_2.12/3.6.6/json4s-ast_2.12-3.6.6.jar:/root/.m2/repository/org/json4s/json4s-scalap_2.12/3.6.6/json4s-scalap_2.12-3.6.6.jar:/root/.m2/repository/org/glassfish/jersey/core/jersey-client/2.30/jersey-client-2.30.jar:/root/.m2/repository/jakarta/ws/rs/jakarta.ws.rs-api/2.1.6/jakarta.ws.rs-api-2.1.6.jar:/root/.m2/repository/org/glassfish/hk2/external/jakarta.inject/2.6.1/jakarta.inject-2.6.1.jar:/root/.m2/repository/org/glassfish/jersey/core/jersey-common/2.30/jersey-common-2.30.jar:/root/.m2/repository/jakarta/annotation/jakarta.annotation-api/1.3.5/jakarta.annotation-api-1.3.5.jar:/root/.m2/repository/org/glassfish/hk2/osgi-resource-locator/1.0.3/osgi-resource-locator-1.0.3.jar:/root/.m2/repository/org/glassfish/jersey/core/jersey-server/2.30/jersey-server-2.30.jar:/root/.m2/repository/org/glassfish/jersey/media/jersey-media-jaxb/2.30/jersey-media-jaxb-2.30.jar:/root/.m2/repository/jakarta/validation/jakarta.validation-api/2.0.2/jakarta.validation-api-2.0.2.jar:/root/.m2/repository/org/glassfish/jersey/containers/jersey-container-servlet/2.30/jersey-container-servlet-2.30.jar:/root/.m2/repository/org/glassfish/jersey/containers/jersey-container-servlet-core/2.30/jersey-container-servlet-core-2.30.jar:/root/.m2/repository/org/glassfish/jersey/inject/jersey-hk2/2.30/jersey-hk2-2.30.jar:/root/.m2/repository/org/glassfish/hk2/hk2-locator/2.6.1/hk2-locator-2.6.1.jar:/root/.m2/repository/org/glassfish/hk2/external/aopalliance-repackaged/2.6.1/aopalliance-repackaged-2.6.1.jar:/root/.m2/repository/org/glassfish/hk2/hk2-api/2.6.1/hk2-api-2.6.1.jar:/root/.m2/repository/org/glassfish/hk2/hk2-utils/2.6.1/hk2-utils-2.6.1.jar:/root/.m2/repository/org/javassist/javassist/3.25.0-GA/javassist-3.25.0-GA.jar:/root/.m2/repository/io/netty/netty-all/4.1.47.Final/netty-all-4.1.47.Final.jar:/root/.m2/repository/com/clearspring/analytics/stream/2.9.6/stream-2.9.6.jar:/root/.m2/repository/io/dropwizard/metrics/metrics-core/4.1.1/metrics-core-4.1.1.jar:/root/.m2/repository/io/dropwizard/metrics/metrics-jvm/4.1.1/metrics-jvm-4.1.1.jar:/root/.m2/repository/io/dropwizard/metrics/metrics-json/4.1.1/metrics-json-4.1.1.jar:/root/.m2/repository/io/dropwizard/metrics/metrics-graphite/4.1.1/metrics-graphite-4.1.1.jar:/root/.m2/repository/io/dropwizard/metrics/metrics-jmx/4.1.1/metrics-jmx-4.1.1.jar:/root/.m2/repository/com/fasterxml/jackson/module/jackson-module-scala_2.12/2.10.0/jackson-module-scala_2.12-2.10.0.jar:/root/.m2/repository/com/fasterxml/jackson/module/jackson-module-paranamer/2.10.0/jackson-module-paranamer-2.10.0.jar:/root/.m2/repository/org/apache/ivy/ivy/2.4.0/ivy-2.4.0.jar:/root/.m2/repository/oro/oro/2.0.8/oro-2.0.8.jar:/root/.m2/repository/net/razorvine/pyrolite/4.30/pyrolite-4.30.jar:/root/.m2/repository/net/sf/py4j/py4j/0.10.9/py4j-0.10.9.jar:/root/.m2/repository/org/apache/commons/commons-crypto/1.0.0/commons-crypto-1.0.0.jar:/root/.m2/repository/org/apache/spark/spark-catalyst_2.12/3.0.1/spark-catalyst_2.12-3.0.1.jar:/root/.m2/repository/org/scala-lang/modules/scala-parser-combinators_2.12/1.1.2/scala-parser-combinators_2.12-1.1.2.jar:/root/.m2/repository/org/codehaus/janino/janino/3.0.16/janino-3.0.16.jar:/root/.m2/repository/org/codehaus/janino/commons-compiler/3.0.16/commons-compiler-3.0.16.jar:/root/.m2/repository/org/antlr/antlr4-runtime/4.7.1/antlr4-runtime-4.7.1.jar:/root/.m2/repository/org/apache/arrow/arrow-vector/0.15.1/arrow-vector-0.15.1.jar:/root/.m2/repository/org/apache/arrow/arrow-format/0.15.1/arrow-format-0.15.1.jar:/root/.m2/repository/org/apache/arrow/arrow-memory/0.15.1/arrow-memory-0.15.1.jar:/root/.m2/repository/com/google/flatbuffers/flatbuffers-java/1.9.0/flatbuffers-java-1.9.0.jar:/root/.m2/repository/org/apache/spark/spark-tags_2.12/3.0.1/spark-tags_2.12-3.0.1.jar:/root/.m2/repository/org/apache/orc/orc-core/1.5.10/orc-core-1.5.10.jar:/root/.m2/repository/org/apache/orc/orc-shims/1.5.10/orc-shims-1.5.10.jar:/root/.m2/repository/com/google/protobuf/protobuf-java/2.5.0/protobuf-java-2.5.0.jar:/root/.m2/repository/commons-lang/commons-lang/2.6/commons-lang-2.6.jar:/root/.m2/repository/io/airlift/aircompressor/0.10/aircompressor-0.10.jar:/root/.m2/repository/org/threeten/threeten-extra/1.5.0/threeten-extra-1.5.0.jar:/root/.m2/repository/org/apache/orc/orc-mapreduce/1.5.10/orc-mapreduce-1.5.10.jar:/root/.m2/repository/org/apache/hive/hive-storage-api/2.7.1/hive-storage-api-2.7.1.jar:/root/.m2/repository/org/apache/parquet/parquet-column/1.10.1/parquet-column-1.10.1.jar:/root/.m2/repository/org/apache/parquet/parquet-common/1.10.1/parquet-common-1.10.1.jar:/root/.m2/repository/org/apache/parquet/parquet-encoding/1.10.1/parquet-encoding-1.10.1.jar:/root/.m2/repository/org/apache/parquet/parquet-hadoop/1.10.1/parquet-hadoop-1.10.1.jar:/root/.m2/repository/org/apache/parquet/parquet-format/2.4.0/parquet-format-2.4.0.jar:/root/.m2/repository/org/apache/parquet/parquet-jackson/1.10.1/parquet-jackson-1.10.1.jar:/root/.m2/repository/org/codehaus/jackson/jackson-mapper-asl/1.9.13/jackson-mapper-asl-1.9.13.jar:/root/.m2/repository/org/codehaus/jackson/jackson-core-asl/1.9.13/jackson-core-asl-1.9.13.jar:/root/.m2/repository/com/fasterxml/jackson/core/jackson-databind/2.10.0/jackson-databind-2.10.0.jar:/root/.m2/repository/com/fasterxml/jackson/core/jackson-annotations/2.10.0/jackson-annotations-2.10.0.jar:/root/.m2/repository/com/fasterxml/jackson/core/jackson-core/2.10.0/jackson-core-2.10.0.jar:/root/.m2/repository/org/apache/xbean/xbean-asm7-shaded/4.15/xbean-asm7-shaded-4.15.jar:/root/.m2/repository/org/spark-project/spark/unused/1.0.0/unused-1.0.0.jar:/root/.m2/repository/org/apache/spark/spark-streaming_2.12/3.0.1/spark-streaming_2.12-3.0.1.jar:/root/.m2/repository/org/eclipse/jetty/jetty-server/9.4.31.v20200723/jetty-server-9.4.31.v20200723.jar:/root/.m2/repository/javax/servlet/javax.servlet-api/3.1.0/javax.servlet-api-3.1.0.jar:/root/.m2/repository/org/eclipse/jetty/jetty-http/9.4.31.v20200723/jetty-http-9.4.31.v20200723.jar:/root/.m2/repository/org/eclipse/jetty/jetty-util/9.4.31.v20200723/jetty-util-9.4.31.v20200723.jar:/root/.m2/repository/org/eclipse/jetty/jetty-io/9.4.31.v20200723/jetty-io-9.4.31.v20200723.jar:/root/.m2/repository/org/apache/httpcomponents/httpclient/4.5.12/httpclient-4.5.12.jar:/root/.m2/repository/org/apache/httpcomponents/httpcore/4.4.13/httpcore-4.4.13.jar:/root/.m2/repository/commons-logging/commons-logging/1.2/commons-logging-1.2.jar:/root/.m2/repository/commons-codec/commons-codec/1.11/commons-codec-1.11.jar:/root/.m2/repository/org/scala-lang/scala-reflect/2.12.12/scala-reflect-2.12.12.jar:/root/.m2/repository/org/mockito/mockito-core/3.5.15/mockito-core-3.5.15.jar:/root/.m2/repository/net/bytebuddy/byte-buddy/1.10.15/byte-buddy-1.10.15.jar:/root/.m2/repository/net/bytebuddy/byte-buddy-agent/1.10.15/byte-buddy-agent-1.10.15.jar:/root/.m2/repository/org/objenesis/objenesis/3.1/objenesis-3.1.jar:/root/.m2/repository/org/scalatest/scalatest_2.12/3.0.9/scalatest_2.12-3.0.9.jar:/root/.m2/repository/org/scalactic/scalactic_2.12/3.0.9/scalactic_2.12-3.0.9.jar:/root/.m2/repository/org/scala-lang/modules/scala-xml_2.12/1.2.0/scala-xml_2.12-1.2.0.jar:/root/.m2/repository/junit/junit/4.13.1/junit-4.13.1.jar:/root/.m2/repository/org/hamcrest/hamcrest-core/1.3/hamcrest-core-1.3.jar:/root/.m2/repository/com/github/stefanbirkner/system-rules/1.19.0/system-rules-1.19.0.jar:/root/.m2/repository/org/scala-lang/scala-compiler/2.12.12/scala-compiler-2.12.12.jar:"/>
    <property name="sun.cpu.endian" value="little"/>
    <property name="user.home" value="/root"/>
    <property name="user.language" value="en"/>
    <property name="java.specification.vendor" value="Oracle Corporation"/>
    <property name="java.home" value="/usr/local/openjdk-8/jre"/>
    <property name="basedir" value="/spark-monitoring/src/spark-listeners-loganalytics"/>
    <property name="file.separator" value="/"/>
    <property name="line.separator" value="&#10;"/>
    <property name="java.vm.specification.vendor" value="Oracle Corporation"/>
    <property name="java.specification.name" value="Java Platform API Specification"/>
    <property name="java.awt.graphicsenv" value="sun.awt.X11GraphicsEnvironment"/>
    <property name="surefire.real.class.path" value="/spark-monitoring/src/spark-listeners-loganalytics/target/surefire/surefirebooter2619411592803941179.jar"/>
    <property name="sun.boot.class.path" value="/usr/local/openjdk-8/jre/lib/resources.jar:/usr/local/openjdk-8/jre/lib/rt.jar:/usr/local/openjdk-8/jre/lib/sunrsasign.jar:/usr/local/openjdk-8/jre/lib/jsse.jar:/usr/local/openjdk-8/jre/lib/jce.jar:/usr/local/openjdk-8/jre/lib/charsets.jar:/usr/local/openjdk-8/jre/lib/jfr.jar:/usr/local/openjdk-8/jre/classes"/>
    <property name="sun.management.compiler" value="HotSpot 64-Bit Tiered Compilers"/>
    <property name="java.runtime.version" value="1.8.0_282-b08"/>
    <property name="user.name" value="root"/>
    <property name="path.separator" value=":"/>
    <property name="os.version" value="5.4.72-microsoft-standard-WSL2"/>
    <property name="java.endorsed.dirs" value="/usr/local/openjdk-8/jre/lib/endorsed"/>
    <property name="java.runtime.name" value="OpenJDK Runtime Environment"/>
    <property name="file.encoding" value="UTF-8"/>
    <property name="java.vm.name" value="OpenJDK 64-Bit Server VM"/>
    <property name="localRepository" value="/root/.m2/repository"/>
    <property name="java.vendor.url.bug" value="http://bugreport.sun.com/bugreport/"/>
    <property name="java.io.tmpdir" value="/tmp"/>
    <property name="java.version" value="1.8.0_282"/>
    <property name="user.dir" value="/spark-monitoring/src/spark-listeners-loganalytics"/>
    <property name="os.arch" value="amd64"/>
    <property name="java.vm.specification.name" value="Java Virtual Machine Specification"/>
    <property name="java.awt.printerjob" value="sun.print.PSPrinterJob"/>
    <property name="sun.os.patch.level" value="unknown"/>
    <property name="java.library.path" value="/usr/java/packages/lib/amd64:/usr/lib64:/lib64:/lib:/usr/lib"/>
    <property name="java.vm.info" value="mixed mode"/>
    <property name="java.vendor" value="Oracle Corporation"/>
    <property name="java.vm.version" value="25.282-b08"/>
    <property name="java.ext.dirs" value="/usr/local/openjdk-8/jre/lib/ext:/usr/java/packages/lib/ext"/>
    <property name="sun.io.unicode.encoding" value="UnicodeLittle"/>
    <property name="java.class.version" value="52.0"/>
  </properties>
  <testcase name="it_should_have_x_ms_azure_resource_Id_set" classname="com.microsoft.pnp.client.loganalytics.ResourceIdTest" time="0.523"/>
  <testcase name="it_should_have_x_ms_azure_resource_Id_null" classname="com.microsoft.pnp.client.loganalytics.ResourceIdTest" time="0.006"/>
</testsuite>